<?xml version="1.0" encoding="UTF-8"?>
<!-- Generated by org.testng.reporters.JUnitXMLReporter -->
<testsuite hostname="TIMON-LAPTOP" ignored="0" name="Test" tests="1" failures="1" timestamp="08 Apr 2022 03:18:46 GMT" time="10.224" errors="0">
  <testcase name="screenshot" time="10.194" classname="sampletext.SampleText">
    <failure type="java.lang.ArithmeticException" message="/ by zero">
      <![CDATA[java.lang.ArithmeticException: / by zero
	at sampletext.SampleText.screenshot(SampleText.java:30)
... Removed 28 stack frames]]>
    </failure>
  </testcase> <!-- screenshot -->
</testsuite> <!-- Test -->
