<?xml version="1.0" encoding="UTF-8"?>
<testng-results skipped="0" failed="0" ignored="0" total="1" passed="1">
  <reporter-output>
  </reporter-output>
  <suite name="Suite" duration-ms="13722" started-at="2022-04-07T04:03:27Z" finished-at="2022-04-07T04:03:41Z">
    <groups>
    </groups>
    <test name="Test" duration-ms="13722" started-at="2022-04-07T04:03:27Z" finished-at="2022-04-07T04:03:41Z">
      <class name="sampletext.SampleText">
        <test-method status="PASS" signature="screenshot()[pri:0, instance:sampletext.SampleText@3c0f93f1]" name="screenshot" duration-ms="13694" started-at="2022-04-07T04:03:27Z" finished-at="2022-04-07T04:03:41Z">
          <reporter-output>
          </reporter-output>
        </test-method> <!-- screenshot -->
      </class> <!-- sampletext.SampleText -->
    </test> <!-- Test -->
  </suite> <!-- Suite -->
</testng-results>
